[06ene.2023 00:00:41.309] [Render thread/INFO] [net.minecraft.client.gui.components.ChatComponent/]: [CHAT] Agarrando Item: **Hacha de Fuego Fenix**
[06ene.2023 00:00:45.175] [Server thread/INFO] [net.minecraft.server.MinecraftServer/]: [Dev: Entidad entity.magicarmory.pet generada]
[06ene.2023 00:00:45.175] [Render thread/INFO] [net.minecraft.client.gui.components.ChatComponent/]: [CHAT] Entidad entity.magicarmory.pet generada
[06ene.2023 00:01:02.994] [Render thread/INFO] [net.minecraft.client.gui.components.ChatComponent/]: [CHAT] Incompleto (se requieren 3 coordenadas)
[06ene.2023 00:01:02.994] [Render thread/INFO] [net.minecraft.client.gui.components.ChatComponent/]: [CHAT] ...rmory:pet 100<--[AQUÍ]
[06ene.2023 00:01:12.078] [Server thread/INFO] [net.minecraft.server.MinecraftServer/]: [Dev: Entidad entity.magicarmory.pet generada]
[06ene.2023 00:01:12.078] [Render thread/INFO] [net.minecraft.client.gui.components.ChatComponent/]: [CHAT] Entidad entity.magicarmory.pet generada
[06ene.2023 00:01:12.345] [Render thread/INFO] [net.minecraft.client.gui.components.ChatComponent/]: [CHAT] Comando desconocido o incompleto, revisa el error a continuación
[06ene.2023 00:01:12.346] [Render thread/INFO] [net.minecraft.client.gui.components.ChatComponent/]: [CHAT] <--[AQUÍ]
[06ene.2023 00:01:13.394] [Render thread/INFO] [net.minecraft.client.gui.components.ChatComponent/]: [CHAT] Comando desconocido o incompleto, revisa el error a continuación
[06ene.2023 00:01:13.394] [Render thread/INFO] [net.minecraft.client.gui.components.ChatComponent/]: [CHAT] <--[AQUÍ]
[06ene.2023 00:01:15.913] [Server thread/INFO] [net.minecraft.server.MinecraftServer/]: [Dev: Entidad entity.magicarmory.pet generada]
[06ene.2023 00:01:15.927] [Render thread/INFO] [net.minecraft.client.gui.components.ChatComponent/]: [CHAT] Entidad entity.magicarmory.pet generada
[06ene.2023 00:01:16.878] [Server thread/INFO] [net.minecraft.server.MinecraftServer/]: [Dev: Entidad entity.magicarmory.pet generada]
[06ene.2023 00:01:16.878] [Render thread/INFO] [net.minecraft.client.gui.components.ChatComponent/]: [CHAT] Entidad entity.magicarmory.pet generada
[06ene.2023 00:01:17.345] [Server thread/INFO] [net.minecraft.server.MinecraftServer/]: [Dev: Entidad entity.magicarmory.pet generada]
[06ene.2023 00:01:17.345] [Render thread/INFO] [net.minecraft.client.gui.components.ChatComponent/]: [CHAT] Entidad entity.magicarmory.pet generada
[06ene.2023 00:01:17.794] [Server thread/INFO] [net.minecraft.server.MinecraftServer/]: [Dev: Entidad entity.magicarmory.pet generada]
[06ene.2023 00:01:17.810] [Render thread/INFO] [net.minecraft.client.gui.components.ChatComponent/]: [CHAT] Entidad entity.magicarmory.pet generada
[06ene.2023 00:01:18.129] [Server thread/INFO] [net.minecraft.server.MinecraftServer/]: [Dev: Entidad entity.magicarmory.pet generada]
[06ene.2023 00:01:18.144] [Render thread/INFO] [net.minecraft.client.gui.components.ChatComponent/]: [CHAT] Entidad entity.magicarmory.pet generada
[06ene.2023 00:01:18.460] [Server thread/INFO] [net.minecraft.server.MinecraftServer/]: [Dev: Entidad entity.magicarmory.pet generada]
[06ene.2023 00:01:18.461] [Render thread/INFO] [net.minecraft.client.gui.components.ChatComponent/]: [CHAT] Entidad entity.magicarmory.pet generada
[06ene.2023 00:01:18.729] [Server thread/INFO] [net.minecraft.server.MinecraftServer/]: [Dev: Entidad entity.magicarmory.pet generada]
[06ene.2023 00:01:18.744] [Render thread/INFO] [net.minecraft.client.gui.components.ChatComponent/]: [CHAT] Entidad entity.magicarmory.pet generada
[06ene.2023 00:01:19.011] [Server thread/INFO] [net.minecraft.server.MinecraftServer/]: [Dev: Entidad entity.magicarmory.pet generada]
[06ene.2023 00:01:19.012] [Render thread/INFO] [net.minecraft.client.gui.components.ChatComponent/]: [CHAT] Entidad entity.magicarmory.pet generada
[06ene.2023 00:01:19.294] [Server thread/INFO] [net.minecraft.server.MinecraftServer/]: [Dev: Entidad entity.magicarmory.pet generada]
[06ene.2023 00:01:19.294] [Render thread/INFO] [net.minecraft.client.gui.components.ChatComponent/]: [CHAT] Entidad entity.magicarmory.pet generada
[06ene.2023 00:01:19.560] [Server thread/INFO] [net.minecraft.server.MinecraftServer/]: [Dev: Entidad entity.magicarmory.pet generada]
[06ene.2023 00:01:19.561] [Render thread/INFO] [net.minecraft.client.gui.components.ChatComponent/]: [CHAT] Entidad entity.magicarmory.pet generada
[06ene.2023 00:01:19.893] [Render thread/INFO] [net.minecraft.client.gui.components.ChatComponent/]: [CHAT] Entidad desconocida: magicarmory:pet/
[06ene.2023 00:01:20.228] [Render thread/INFO] [net.minecraft.client.gui.components.ChatComponent/]: [CHAT] Entidad desconocida: magicarmory:pet/
[06ene.2023 00:01:20.494] [Render thread/INFO] [net.minecraft.client.gui.components.ChatComponent/]: [CHAT] Entidad desconocida: magicarmory:pet/
[06ene.2023 00:01:20.794] [Render thread/INFO] [net.minecraft.client.gui.components.ChatComponent/]: [CHAT] Entidad desconocida: magicarmory:pet/
[06ene.2023 00:01:21.727] [Render thread/INFO] [net.minecraft.client.gui.components.ChatComponent/]: [CHAT] Comando desconocido o incompleto, revisa el error a continuación
[06ene.2023 00:01:21.727] [Render thread/INFO] [net.minecraft.client.gui.components.ChatComponent/]: [CHAT] <--[AQUÍ]
[06ene.2023 00:01:24.827] [Server thread/INFO] [net.minecraft.server.MinecraftServer/]: [Dev: Entidad entity.magicarmory.pet generada]
[06ene.2023 00:01:24.828] [Render thread/INFO] [net.minecraft.client.gui.components.ChatComponent/]: [CHAT] Entidad entity.magicarmory.pet generada
[06ene.2023 00:01:26.194] [Server thread/INFO] [net.minecraft.server.MinecraftServer/]: [Dev: Entidad entity.magicarmory.pet generada]
[06ene.2023 00:01:26.195] [Render thread/INFO] [net.minecraft.client.gui.components.ChatComponent/]: [CHAT] Entidad entity.magicarmory.pet generada
[06ene.2023 00:01:26.812] [Server thread/INFO] [net.minecraft.server.MinecraftServer/]: [Dev: Entidad entity.magicarmory.pet generada]
[06ene.2023 00:01:26.812] [Render thread/INFO] [net.minecraft.client.gui.components.ChatComponent/]: [CHAT] Entidad entity.magicarmory.pet generada
[06ene.2023 00:01:27.194] [Server thread/INFO] [net.minecraft.server.MinecraftServer/]: [Dev: Entidad entity.magicarmory.pet generada]
[06ene.2023 00:01:27.194] [Render thread/INFO] [net.minecraft.client.gui.components.ChatComponent/]: [CHAT] Entidad entity.magicarmory.pet generada
[06ene.2023 00:01:27.545] [Server thread/INFO] [net.minecraft.server.MinecraftServer/]: [Dev: Entidad entity.magicarmory.pet generada]
[06ene.2023 00:01:27.546] [Render thread/INFO] [net.minecraft.client.gui.components.ChatComponent/]: [CHAT] Entidad entity.magicarmory.pet generada
[06ene.2023 00:01:27.894] [Server thread/INFO] [net.minecraft.server.MinecraftServer/]: [Dev: Entidad entity.magicarmory.pet generada]
[06ene.2023 00:01:27.894] [Render thread/INFO] [net.minecraft.client.gui.components.ChatComponent/]: [CHAT] Entidad entity.magicarmory.pet generada
[06ene.2023 00:01:28.211] [Server thread/INFO] [net.minecraft.server.MinecraftServer/]: [Dev: Entidad entity.magicarmory.pet generada]
[06ene.2023 00:01:28.212] [Render thread/INFO] [net.minecraft.client.gui.components.ChatComponent/]: [CHAT] Entidad entity.magicarmory.pet generada
[06ene.2023 00:01:28.560] [Server thread/INFO] [net.minecraft.server.MinecraftServer/]: [Dev: Entidad entity.magicarmory.pet generada]
[06ene.2023 00:01:28.561] [Render thread/INFO] [net.minecraft.client.gui.components.ChatComponent/]: [CHAT] Entidad entity.magicarmory.pet generada
[06ene.2023 00:01:28.897] [Server thread/INFO] [net.minecraft.server.MinecraftServer/]: [Dev: Entidad entity.magicarmory.pet generada]
[06ene.2023 00:01:28.911] [Render thread/INFO] [net.minecraft.client.gui.components.ChatComponent/]: [CHAT] Entidad entity.magicarmory.pet generada
[06ene.2023 00:01:29.261] [Server thread/INFO] [net.minecraft.server.MinecraftServer/]: [Dev: Entidad entity.magicarmory.pet generada]
[06ene.2023 00:01:29.261] [Render thread/INFO] [net.minecraft.client.gui.components.ChatComponent/]: [CHAT] Entidad entity.magicarmory.pet generada
[06ene.2023 00:01:29.578] [Server thread/INFO] [net.minecraft.server.MinecraftServer/]: [Dev: Entidad entity.magicarmory.pet generada]
[06ene.2023 00:01:29.578] [Render thread/INFO] [net.minecraft.client.gui.components.ChatComponent/]: [CHAT] Entidad entity.magicarmory.pet generada
[06ene.2023 00:01:29.898] [Server thread/INFO] [net.minecraft.server.MinecraftServer/]: [Dev: Entidad entity.magicarmory.pet generada]
[06ene.2023 00:01:29.911] [Render thread/INFO] [net.minecraft.client.gui.components.ChatComponent/]: [CHAT] Entidad entity.magicarmory.pet generada
[06ene.2023 00:01:30.262] [Server thread/INFO] [net.minecraft.server.MinecraftServer/]: [Dev: Entidad entity.magicarmory.pet generada]
[06ene.2023 00:01:30.262] [Render thread/INFO] [net.minecraft.client.gui.components.ChatComponent/]: [CHAT] Entidad entity.magicarmory.pet generada
[06ene.2023 00:01:30.563] [Server thread/INFO] [net.minecraft.server.MinecraftServer/]: [Dev: Entidad entity.magicarmory.pet generada]
[06ene.2023 00:01:30.577] [Render thread/INFO] [net.minecraft.client.gui.components.ChatComponent/]: [CHAT] Entidad entity.magicarmory.pet generada
[06ene.2023 00:01:46.088] [Server thread/INFO] [net.minecraft.client.server.IntegratedServer/]: Saving and pausing game...
[06ene.2023 00:01:46.097] [Server thread/INFO] [net.minecraft.server.MinecraftServer/]: Saving chunks for level 'ServerLevel[Test World]'/minecraft:overworld
[06ene.2023 00:01:46.105] [Server thread/INFO] [net.minecraft.server.MinecraftServer/]: Saving chunks for level 'ServerLevel[Test World]'/minecraft:the_end
[06ene.2023 00:01:46.107] [Server thread/INFO] [net.minecraft.server.MinecraftServer/]: Saving chunks for level 'ServerLevel[Test World]'/minecraft:the_nether
[06ene.2023 00:01:50.090] [Server thread/INFO] [net.minecraft.client.server.IntegratedServer/]: Saving and pausing game...
[06ene.2023 00:01:50.098] [Server thread/INFO] [net.minecraft.server.MinecraftServer/]: Saving chunks for level 'ServerLevel[Test World]'/minecraft:overworld
[06ene.2023 00:01:50.106] [Server thread/INFO] [net.minecraft.server.MinecraftServer/]: Saving chunks for level 'ServerLevel[Test World]'/minecraft:the_end
[06ene.2023 00:01:50.107] [Server thread/INFO] [net.minecraft.server.MinecraftServer/]: Saving chunks for level 'ServerLevel[Test World]'/minecraft:the_nether
[06ene.2023 00:02:36.763] [Render thread/INFO] [net.minecraft.client.gui.components.ChatComponent/]: [CHAT] Atacando a: entity.magicarmory.pet
[06ene.2023 00:02:36.780] [Render thread/INFO] [net.minecraft.client.gui.components.ChatComponent/]: [CHAT] Atacando a: entity.magicarmory.pet
[06ene.2023 00:02:37.715] [Render thread/INFO] [net.minecraft.client.gui.components.ChatComponent/]: [CHAT] Atacando a: entity.magicarmory.pet
[06ene.2023 00:02:37.730] [Render thread/INFO] [net.minecraft.client.gui.components.ChatComponent/]: [CHAT] Atacando a: entity.magicarmory.pet
[06ene.2023 00:02:38.114] [Render thread/INFO] [net.minecraft.client.gui.components.ChatComponent/]: [CHAT] Atacando a: entity.magicarmory.pet
[06ene.2023 00:02:38.129] [Render thread/INFO] [net.minecraft.client.gui.components.ChatComponent/]: [CHAT] Atacando a: entity.magicarmory.pet
[06ene.2023 00:02:39.763] [Render thread/INFO] [net.minecraft.client.gui.components.ChatComponent/]: [CHAT] Atacando a: entity.magicarmory.pet
[06ene.2023 00:02:39.781] [Render thread/INFO] [net.minecraft.client.gui.components.ChatComponent/]: [CHAT] Atacando a: entity.magicarmory.pet
[06ene.2023 00:02:39.964] [Render thread/INFO] [net.minecraft.client.gui.components.ChatComponent/]: [CHAT] Atacando a: entity.magicarmory.pet
[06ene.2023 00:02:39.980] [Render thread/INFO] [net.minecraft.client.gui.components.ChatComponent/]: [CHAT] Atacando a: entity.magicarmory.pet
[06ene.2023 00:02:42.538] [Server thread/INFO] [net.minecraft.client.server.IntegratedServer/]: Saving and pausing game...
[06ene.2023 00:02:42.546] [Server thread/INFO] [net.minecraft.server.MinecraftServer/]: Saving chunks for level 'ServerLevel[Test World]'/minecraft:overworld
[06ene.2023 00:02:42.553] [Server thread/INFO] [net.minecraft.server.MinecraftServer/]: Saving chunks for level 'ServerLevel[Test World]'/minecraft:the_end
[06ene.2023 00:02:42.555] [Server thread/INFO] [net.minecraft.server.MinecraftServer/]: Saving chunks for level 'ServerLevel[Test World]'/minecraft:the_nether
[06ene.2023 00:05:18.657] [Render thread/INFO] [net.minecraft.client.gui.components.ChatComponent/]: [CHAT] Atacando a: entity.magicarmory.pet
[06ene.2023 00:05:18.672] [Render thread/INFO] [net.minecraft.client.gui.components.ChatComponent/]: [CHAT] Atacando a: entity.magicarmory.pet
[06ene.2023 00:05:18.856] [Render thread/INFO] [net.minecraft.client.gui.components.ChatComponent/]: [CHAT] Atacando a: entity.magicarmory.pet
[06ene.2023 00:05:18.872] [Render thread/INFO] [net.minecraft.client.gui.components.ChatComponent/]: [CHAT] Atacando a: entity.magicarmory.pet
[06ene.2023 00:05:19.056] [Render thread/INFO] [net.minecraft.client.gui.components.ChatComponent/]: [CHAT] Atacando a: entity.magicarmory.pet
[06ene.2023 00:05:19.072] [Render thread/INFO] [net.minecraft.client.gui.components.ChatComponent/]: [CHAT] Atacando a: entity.magicarmory.pet
[06ene.2023 00:05:24.190] [Server thread/INFO] [net.minecraft.client.server.IntegratedServer/]: Saving and pausing game...
[06ene.2023 00:05:24.196] [Server thread/INFO] [net.minecraft.server.MinecraftServer/]: Saving chunks for level 'ServerLevel[Test World]'/minecraft:overworld
[06ene.2023 00:05:24.200] [Server thread/INFO] [net.minecraft.server.MinecraftServer/]: Saving chunks for level 'ServerLevel[Test World]'/minecraft:the_end
[06ene.2023 00:05:24.201] [Server thread/INFO] [net.minecraft.server.MinecraftServer/]: Saving chunks for level 'ServerLevel[Test World]'/minecraft:the_nether
[06ene.2023 00:07:24.796] [Server thread/INFO] [net.minecraft.server.network.ServerGamePacketListenerImpl/]: Dev lost connection: Desconectado/a
[06ene.2023 00:07:24.796] [Server thread/INFO] [net.minecraft.server.MinecraftServer/]: Dev se desconectó
[06ene.2023 00:07:24.803] [Server thread/INFO] [net.minecraft.server.network.ServerGamePacketListenerImpl/]: Stopping singleplayer server as player logged out
[06ene.2023 00:07:24.840] [Server thread/INFO] [net.minecraft.server.MinecraftServer/]: Stopping server
[06ene.2023 00:07:24.840] [Server thread/INFO] [net.minecraft.server.MinecraftServer/]: Saving players
[06ene.2023 00:07:24.840] [Server thread/INFO] [net.minecraft.server.MinecraftServer/]: Saving worlds
[06ene.2023 00:07:25.565] [Server thread/INFO] [net.minecraft.server.MinecraftServer/]: Saving chunks for level 'ServerLevel[Test World]'/minecraft:overworld
[06ene.2023 00:07:25.604] [Server thread/INFO] [net.minecraft.server.MinecraftServer/]: Saving chunks for level 'ServerLevel[Test World]'/minecraft:the_end
[06ene.2023 00:07:25.605] [Server thread/INFO] [net.minecraft.server.MinecraftServer/]: Saving chunks for level 'ServerLevel[Test World]'/minecraft:the_nether
[06ene.2023 00:07:25.620] [Server thread/INFO] [net.minecraft.server.MinecraftServer/]: ThreadedAnvilChunkStorage (Test World): All chunks are saved
[06ene.2023 00:07:25.620] [Server thread/INFO] [net.minecraft.server.MinecraftServer/]: ThreadedAnvilChunkStorage (DIM1): All chunks are saved
[06ene.2023 00:07:25.620] [Server thread/INFO] [net.minecraft.server.MinecraftServer/]: ThreadedAnvilChunkStorage (DIM-1): All chunks are saved
[06ene.2023 00:07:25.620] [Server thread/INFO] [net.minecraft.server.MinecraftServer/]: ThreadedAnvilChunkStorage: All dimensions are saved
[06ene.2023 00:07:29.887] [Render thread/INFO] [net.minecraft.client.Minecraft/]: Stopping!
